--------------------------------
DRAM Utilization
--------------------------------
Read        = 0.00 %
Write       = 0.00 %
Busy        = 0.00 %
Idle        = 100.00 %
--------------------------------
Utilization = 0.00 %
Non-Idle    = 0.00 %
--------------------------------

--------------------------------
Vcache Utilization
--------------------------------
Idle        = 98.83 % (12271857.0)
Store       = 0.54 % (66560.0)
Load        = 0.63 % (78848.0)
Atomic      = 0.00 % (0.0)
Miss        = 0.00 % (0.0)
Stall Rsp   = 0.00 % (207.0)
--------------------------------
Miss Rate   = 0.00 %
--------------------------------
Utilization = 1.17 %
Busy cycles = 1.17 %
--------------------------------
12417472.0

--------------------------------
Core Utilization
--------------------------------
stall_depend_dram_load         = 48793        (0.10 %)
stall_depend_local_load        = 65536        (0.13 %)
stall_depend_imul              = 130          (0.00 %)
stall_bypass                   = 130          (0.00 %)
stall_fence                    = 1873         (0.00 %)
stall_remote_req               = 3355         (0.01 %)
Total Stall                    = 119817       (0.24 %)
--------------------------------
bubble_branch_miss             = 329984       (0.66 %)
bubble_jalr_miss               = 512          (0.00 %)
Total Bubble                   = 330496       (0.67 %)
--------------------------------
local_ld                       = 11374336     (23.13 %)
local_st                       = 7911801      (16.09 %)
remote_ld_dram                 = 13030        (0.03 %)
remote_st_dram                 = 66560        (0.14 %)
remote_st_global               = 128          (0.00 %)
local_flw                      = 1024         (0.00 %)
local_fsw                      = 65120        (0.13 %)
remote_flw_dram                = 64512        (0.13 %)
beq                            = 196864       (0.40 %)
bne                            = 591537       (1.20 %)
bltu                           = 16384        (0.03 %)
jal                            = 164236       (0.33 %)
jalr                           = 16640        (0.03 %)
slli                           = 7078540      (14.39 %)
srai                           = 2359296      (4.80 %)
add                            = 2622239      (5.33 %)
addi                           = 1103025      (2.24 %)
sub                            = 4718592      (9.59 %)
lui                            = 640          (0.00 %)
xor                            = 10813440     (21.99 %)
or                             = 384          (0.00 %)
and                            = 384          (0.00 %)
mul                            = 264          (0.00 %)
fence                          = 128          (0.00 %)
Total Instr Executed   = 49179104    
--------------------------------
Utilization   = 99.09 %
--------------------------------
Runtime       = 388046 cycles
--------------------------------
