--------------------------------
DRAM Utilization
--------------------------------
Read        = 11.06 %
Write       = 0.02 %
Busy        = 3.74 %
Idle        = 85.18 %
--------------------------------
Utilization = 11.07 %
Non-Idle    = 14.82 %
--------------------------------

--------------------------------
Vcache Utilization
--------------------------------
Idle        = 76.98 % (14484982.0)
Store       = 1.68 % (315402.0)
Load        = 14.78 % (2780000.0)
Atomic      = 0.00 % (384.0)
Miss        = 6.52 % (1226863.0)
Stall Rsp   = 0.04 % (7825.0)
--------------------------------
Miss Rate   = 0.34 %
--------------------------------
Utilization = 16.45 %
Busy cycles = 22.97 %
--------------------------------
18815456.0

--------------------------------
Core Utilization
--------------------------------
stall_depend_dram_load         = 11647396     (15.48 %)
stall_depend_dram_amo          = 16433        (0.02 %)
stall_depend_local_load        = 535256       (0.71 %)
stall_bypass                   = 5339701      (7.10 %)
stall_fence                    = 9395         (0.01 %)
stall_remote_req               = 841625       (1.12 %)
stall_fdiv_busy                = 4713884      (6.26 %)
stall_barrier                  = 14285835     (18.99 %)
Total Stall                    = 37389525     (49.69 %)
--------------------------------
bubble_branch_miss             = 2505214      (3.33 %)
Total Bubble                   = 2505214      (3.33 %)
--------------------------------
fadd                           = 2154818      (12.65 %)
fsub                           = 1525473      (8.95 %)
fmul                           = 3545709      (20.81 %)
fsgnj                          = 1152         (0.01 %)
fmv_w_x                        = 384          (0.00 %)
fle                            = 313866       (1.84 %)
fdiv                           = 336706       (1.98 %)
fsqrt                          = 336706       (1.98 %)
local_ld                       = 535896       (3.15 %)
local_st                       = 535256       (3.14 %)
remote_ld_dram                 = 848866       (4.98 %)
remote_st_dram                 = 313866       (1.84 %)
remote_st_global               = 128          (0.00 %)
remote_flw_dram                = 1930986      (11.33 %)
remote_fsw_dram                = 1536         (0.01 %)
amoadd                         = 256          (0.00 %)
beq                            = 1787991      (10.49 %)
bne                            = 716967       (4.21 %)
blt                            = 256          (0.00 %)
bge                            = 117          (0.00 %)
jal                            = 380517       (2.23 %)
slli                           = 641          (0.00 %)
add                            = 773          (0.00 %)
addi                           = 916801       (5.38 %)
lui                            = 1372         (0.01 %)
or                             = 384          (0.00 %)
and                            = 384          (0.00 %)
andi                           = 535256       (3.14 %)
fence                          = 128          (0.00 %)
barsend                        = 128          (0.00 %)
barrecv                        = 128          (0.00 %)
Total Instr Executed   = 17037825    
--------------------------------
Utilization   = 22.64 %
--------------------------------
Runtime       = 587983 cycles
--------------------------------
