--------------------------------
DRAM Utilization
--------------------------------
Read        = 92.91 %
Write       = 0.77 %
Busy        = 3.13 %
Idle        = 3.20 %
--------------------------------
Utilization = 93.67 %
Non-Idle    = 96.80 %
--------------------------------

--------------------------------
Vcache Utilization
--------------------------------
Idle        = 27.74 % (1151035.0)
Store       = 0.00 % (0.0)
Load        = 1.26 % (52386.0)
Atomic      = 0.18 % (7579.0)
Miss        = 70.81 % (2937670.0)
Stall Rsp   = 0.00 % (2.0)
--------------------------------
Miss Rate   = 31.02 %
--------------------------------
Utilization = 1.26 %
Busy cycles = 72.07 %
--------------------------------
4148672.0

--------------------------------
Core Utilization
--------------------------------
stall_depend_dram_load         = 14774822     (89.12 %)
stall_depend_dram_amo          = 811828       (4.90 %)
stall_fence                    = 14240        (0.09 %)
stall_barrier                  = 659096       (3.98 %)
Total Stall                    = 16259986     (98.08 %)
--------------------------------
bubble_branch_miss             = 30956        (0.19 %)
Total Bubble                   = 30956        (0.19 %)
--------------------------------
local_ld                       = 640          (0.22 %)
remote_ld_dram                 = 52270        (18.18 %)
remote_st_global               = 128          (0.04 %)
amoor                          = 7579         (2.64 %)
bne                            = 39330        (13.68 %)
bge                            = 6528         (2.27 %)
sll                            = 7579         (2.64 %)
slli                           = 43957        (15.29 %)
srli                           = 7579         (2.64 %)
srai                           = 15158        (5.27 %)
add                            = 58997        (20.52 %)
addi                           = 23083        (8.03 %)
sub                            = 7580         (2.64 %)
lui                            = 640          (0.22 %)
or                             = 384          (0.13 %)
and                            = 384          (0.13 %)
andi                           = 15162        (5.27 %)
fence                          = 256          (0.09 %)
barsend                        = 128          (0.04 %)
barrecv                        = 128          (0.04 %)
Total Instr Executed   = 287490      
--------------------------------
Utilization   = 1.73 %
--------------------------------
Runtime       = 129646 cycles
--------------------------------
