--------------------------------
DRAM Utilization
--------------------------------
Read        = 38.56 %
Write       = 0.02 %
Busy        = 9.76 %
Idle        = 51.66 %
--------------------------------
Utilization = 38.58 %
Non-Idle    = 48.34 %
--------------------------------

--------------------------------
Vcache Utilization
--------------------------------
Idle        = 72.07 % (30237130.0)
Store       = 0.00 % (0.0)
Load        = 4.27 % (1792380.0)
Atomic      = 0.02 % (8761.0)
Miss        = 23.64 % (9916589.0)
Stall Rsp   = 0.00 % (180.0)
--------------------------------
Miss Rate   = 4.37 %
--------------------------------
Utilization = 4.27 %
Busy cycles = 27.91 %
--------------------------------
41955040.0

--------------------------------
Core Utilization
--------------------------------
stall_depend_dram_load         = 94492645     (90.87 %)
stall_depend_dram_amo          = 410002       (0.39 %)
stall_fence                    = 2720         (0.00 %)
stall_remote_req               = 2405         (0.00 %)
Total Stall                    = 94907772     (91.27 %)
--------------------------------
bubble_branch_miss             = 1803020      (1.73 %)
Total Bubble                   = 1803020      (1.73 %)
--------------------------------
local_ld                       = 640          (0.01 %)
remote_ld_dram                 = 1792355      (24.63 %)
remote_st_global               = 128          (0.00 %)
amoor                          = 7519         (0.10 %)
amoadd                         = 1114         (0.02 %)
beq                            = 1754395      (24.11 %)
bne                            = 3748         (0.05 %)
blt                            = 11134        (0.15 %)
bge                            = 20054        (0.28 %)
jal                            = 21488        (0.30 %)
sll                            = 7519         (0.10 %)
slli                           = 900653       (12.38 %)
srli                           = 7519         (0.10 %)
srai                           = 15038        (0.21 %)
add                            = 918899       (12.63 %)
addi                           = 1787416      (24.57 %)
sub                            = 8633         (0.12 %)
lui                            = 640          (0.01 %)
or                             = 384          (0.01 %)
and                            = 384          (0.01 %)
andi                           = 16152        (0.22 %)
fence                          = 128          (0.00 %)
Total Instr Executed   = 7275940     
--------------------------------
Utilization   = 7.00 %
--------------------------------
Runtime       = 1311095 cycles
--------------------------------
