--------------------------------
DRAM Utilization
--------------------------------
Read        = 93.08 %
Write       = 0.11 %
Busy        = 3.04 %
Idle        = 3.76 %
--------------------------------
Utilization = 93.19 %
Non-Idle    = 96.24 %
--------------------------------

--------------------------------
Vcache Utilization
--------------------------------
Idle        = 32.28 % (692142.0)
Store       = 0.00 % (0.0)
Load        = 1.76 % (37676.0)
Atomic      = 0.25 % (5423.0)
Miss        = 65.71 % (1409171.0)
Stall Rsp   = 0.00 % (4.0)
--------------------------------
Miss Rate   = 22.42 %
--------------------------------
Utilization = 1.76 %
Busy cycles = 67.47 %
--------------------------------
2144416.0

--------------------------------
Core Utilization
--------------------------------
stall_depend_dram_load         = 7578857      (88.52 %)
stall_depend_dram_amo          = 384298       (4.49 %)
stall_fence                    = 10914        (0.13 %)
stall_barrier                  = 357766       (4.18 %)
Total Stall                    = 8331835      (97.32 %)
--------------------------------
bubble_branch_miss             = 22770        (0.27 %)
Total Bubble                   = 22770        (0.27 %)
--------------------------------
local_ld                       = 640          (0.31 %)
remote_ld_dram                 = 37554        (18.16 %)
remote_st_global               = 128          (0.06 %)
amoor                          = 5423         (2.62 %)
bne                            = 29044        (14.04 %)
bge                            = 4316         (2.09 %)
sll                            = 5423         (2.62 %)
slli                           = 31125        (15.05 %)
srli                           = 5423         (2.62 %)
srai                           = 10846        (5.24 %)
add                            = 41853        (20.24 %)
addi                           = 16834        (8.14 %)
sub                            = 5424         (2.62 %)
lui                            = 640          (0.31 %)
or                             = 384          (0.19 %)
and                            = 384          (0.19 %)
andi                           = 10850        (5.25 %)
fence                          = 256          (0.12 %)
barsend                        = 128          (0.06 %)
barrecv                        = 128          (0.06 %)
Total Instr Executed   = 206803      
--------------------------------
Utilization   = 2.42 %
--------------------------------
Runtime       = 67013 cycles
--------------------------------
