--------------------------------
DRAM Utilization
--------------------------------
Read        = 95.00 %
Write       = 0.09 %
Busy        = 2.44 %
Idle        = 2.47 %
--------------------------------
Utilization = 95.09 %
Non-Idle    = 97.53 %
--------------------------------

--------------------------------
Vcache Utilization
--------------------------------
Idle        = 28.28 % (2633308.0)
Store       = 0.00 % (0.0)
Load        = 1.76 % (164169.0)
Atomic      = 0.18 % (16974.0)
Miss        = 69.78 % (6497278.0)
Stall Rsp   = 0.00 % (15.0)
--------------------------------
Miss Rate   = 23.54 %
--------------------------------
Utilization = 1.76 %
Busy cycles = 71.54 %
--------------------------------
9311744.0

--------------------------------
Core Utilization
--------------------------------
stall_depend_dram_load         = 32348800     (90.02 %)
stall_depend_dram_amo          = 2497906      (6.95 %)
stall_fence                    = 8152         (0.02 %)
stall_remote_req               = 61272        (0.17 %)
stall_remote_ld_wb             = 12           (0.00 %)
Total Stall                    = 34916142     (97.17 %)
--------------------------------
bubble_branch_miss             = 180034       (0.50 %)
Total Bubble                   = 180034       (0.50 %)
--------------------------------
local_ld                       = 640          (0.08 %)
remote_ld_dram                 = 164131       (19.57 %)
remote_st_global               = 128          (0.02 %)
amoor                          = 15251        (1.82 %)
amoadd                         = 1595         (0.19 %)
beq                            = 103094       (12.29 %)
bne                            = 7555         (0.90 %)
blt                            = 15946        (1.90 %)
bge                            = 24552        (2.93 %)
jal                            = 27627        (3.29 %)
sll                            = 15251        (1.82 %)
slli                           = 87345        (10.42 %)
srli                           = 15251        (1.82 %)
srai                           = 30502        (3.64 %)
add                            = 122497       (14.61 %)
addi                           = 156763       (18.69 %)
sub                            = 16846        (2.01 %)
lui                            = 640          (0.08 %)
or                             = 384          (0.05 %)
and                            = 384          (0.05 %)
andi                           = 32097        (3.83 %)
fence                          = 128          (0.02 %)
Total Instr Executed   = 838607      
--------------------------------
Utilization   = 2.33 %
--------------------------------
Runtime       = 290992 cycles
--------------------------------
