--------------------------------
DRAM Utilization
--------------------------------
Read        = 85.05 %
Write       = 3.32 %
Busy        = 5.22 %
Idle        = 6.40 %
--------------------------------
Utilization = 88.38 %
Non-Idle    = 93.60 %
--------------------------------

--------------------------------
Vcache Utilization
--------------------------------
Idle        = 29.84 % (1791299.0)
Store       = 0.00 % (0.0)
Load        = 0.85 % (51101.0)
Atomic      = 0.12 % (7179.0)
Miss        = 69.19 % (4153332.0)
Stall Rsp   = 0.00 % (1.0)
--------------------------------
Miss Rate   = 42.27 %
--------------------------------
Utilization = 0.85 %
Busy cycles = 70.04 %
--------------------------------
6002912.0

--------------------------------
Core Utilization
--------------------------------
stall_depend_dram_load         = 20646129     (86.04 %)
stall_depend_dram_amo          = 1417363      (5.91 %)
stall_fence                    = 27053        (0.11 %)
stall_barrier                  = 1596167      (6.65 %)
Total Stall                    = 23686712     (98.71 %)
--------------------------------
bubble_branch_miss             = 30438        (0.13 %)
Total Bubble                   = 30438        (0.13 %)
--------------------------------
local_ld                       = 640          (0.23 %)
remote_ld_dram                 = 50985        (18.32 %)
remote_st_global               = 128          (0.05 %)
amoor                          = 7179         (2.58 %)
bne                            = 37979        (13.65 %)
bge                            = 6562         (2.36 %)
sll                            = 7179         (2.58 %)
slli                           = 42966        (15.44 %)
srli                           = 7179         (2.58 %)
srai                           = 14358        (5.16 %)
add                            = 57204        (20.56 %)
addi                           = 22423        (8.06 %)
sub                            = 7180         (2.58 %)
lui                            = 640          (0.23 %)
or                             = 384          (0.14 %)
and                            = 384          (0.14 %)
andi                           = 14360        (5.16 %)
fence                          = 256          (0.09 %)
barsend                        = 128          (0.05 %)
barrecv                        = 128          (0.05 %)
Total Instr Executed   = 278242      
--------------------------------
Utilization   = 1.16 %
--------------------------------
Runtime       = 187591 cycles
--------------------------------
