--------------------------------
DRAM Utilization
--------------------------------
Read        = 0.08 %
Write       = 0.03 %
Busy        = 0.07 %
Idle        = 99.82 %
--------------------------------
Utilization = 0.12 %
Non-Idle    = 0.18 %
--------------------------------

--------------------------------
Vcache Utilization
--------------------------------
Idle        = 92.18 % (2758916.0)
Store       = 2.19 % (65536.0)
Load        = 5.47 % (163840.0)
Atomic      = 0.00 % (0.0)
Miss        = 0.04 % (1112.0)
Stall Rsp   = 0.12 % (3652.0)
--------------------------------
Miss Rate   = 0.01 %
--------------------------------
Utilization = 7.66 %
Busy cycles = 7.70 %
--------------------------------
2993056.0

--------------------------------
Core Utilization
--------------------------------
stall_depend_dram_load         = 57423        (0.49 %)
stall_depend_local_load        = 784351       (6.64 %)
stall_bypass                   = 3193043      (27.05 %)
stall_fence                    = 3437         (0.03 %)
stall_remote_req               = 14481        (0.12 %)
stall_fdiv_busy                = 1081615      (9.16 %)
Total Stall                    = 5134350      (43.49 %)
--------------------------------
bubble_branch_miss             = 254960       (2.16 %)
Total Bubble                   = 254960       (2.16 %)
--------------------------------
fadd                           = 55721        (1.05 %)
fsub                           = 195340       (3.69 %)
fmul                           = 716287       (13.52 %)
fsgnj                          = 191430       (3.61 %)
fsgnjn                         = 32768        (0.62 %)
fmv_w_x                        = 110722       (2.09 %)
fmadd                          = 956614       (18.06 %)
fnmsub                         = 65536        (1.24 %)
feq                            = 32745        (0.62 %)
flt                            = 232470       (4.39 %)
fle                            = 62409        (1.18 %)
fdiv                           = 152937       (2.89 %)
fsqrt                          = 32745        (0.62 %)
local_ld                       = 640          (0.01 %)
remote_st_global               = 128          (0.00 %)
local_flw                      = 1373862      (25.93 %)
local_fsw                      = 228755       (4.32 %)
remote_flw_dram                = 162238       (3.06 %)
remote_fsw_dram                = 65536        (1.24 %)
beq                            = 71778        (1.35 %)
bne                            = 264052       (4.98 %)
bge                            = 2            (0.00 %)
jal                            = 56197        (1.06 %)
jalr                           = 32768        (0.62 %)
slli                           = 398          (0.01 %)
add                            = 8477         (0.16 %)
addi                           = 32918        (0.62 %)
lui                            = 660          (0.01 %)
xori                           = 2            (0.00 %)
or                             = 384          (0.01 %)
and                            = 384          (0.01 %)
andi                           = 3            (0.00 %)
fence                          = 128          (0.00 %)
Total Instr Executed   = 5298197     
--------------------------------
Utilization   = 44.88 %
--------------------------------
Runtime       = 93533 cycles
--------------------------------
