--------------------------------
DRAM Utilization
--------------------------------
Read        = 25.84 %
Write       = 10.41 %
Busy        = 1.99 %
Idle        = 61.77 %
--------------------------------
Utilization = 36.24 %
Non-Idle    = 38.23 %
--------------------------------

--------------------------------
Vcache Utilization
--------------------------------
Idle        = 65.50 % (5331276.0)
Store       = 4.03 % (327680.0)
Load        = 4.03 % (327680.0)
Atomic      = 0.00 % (0.0)
Miss        = 26.29 % (2139676.0)
Stall Rsp   = 0.16 % (12632.0)
--------------------------------
Miss Rate   = 3.12 %
--------------------------------
Utilization = 8.05 %
Busy cycles = 34.34 %
--------------------------------
8138944.0

--------------------------------
Core Utilization
--------------------------------
stall_depend_dram_load         = 8511156      (26.18 %)
stall_depend_local_load        = 80640        (0.25 %)
stall_bypass                   = 445440       (1.37 %)
stall_fence                    = 60413        (0.19 %)
stall_remote_req               = 5002891      (15.39 %)
stall_remote_credit            = 8409         (0.03 %)
stall_barrier                  = 1094627      (3.37 %)
Total Stall                    = 15203576     (46.76 %)
--------------------------------
bubble_branch_miss             = 393216       (1.21 %)
Total Bubble                   = 393216       (1.21 %)
--------------------------------
fadd                           = 1146880      (6.58 %)
fsub                           = 1146880      (6.58 %)
fmul                           = 1617920      (9.28 %)
fsgnjn                         = 445440       (2.56 %)
fmv_w_x                        = 20480        (0.12 %)
fmadd                          = 655360       (3.76 %)
fmsub                          = 655360       (3.76 %)
local_ld                       = 152960       (0.88 %)
local_st                       = 8960         (0.05 %)
remote_st_global               = 128          (0.00 %)
local_flw                      = 3212800      (18.44 %)
local_fsw                      = 3071859      (17.63 %)
remote_flw_dram                = 326914       (1.88 %)
remote_fsw_dram                = 327680       (1.88 %)
bne                            = 268159       (1.54 %)
bge                            = 286720       (1.65 %)
bgeu                           = 142080       (0.82 %)
jal                            = 62720        (0.36 %)
jalr                           = 1280         (0.01 %)
sll                            = 80640        (0.46 %)
slli                           = 425353       (2.44 %)
srai                           = 7680         (0.04 %)
add                            = 1848002      (10.60 %)
addi                           = 958526       (5.50 %)
sub                            = 40960        (0.24 %)
lui                            = 669          (0.00 %)
or                             = 384          (0.00 %)
and                            = 384          (0.00 %)
fence                          = 1280         (0.01 %)
barsend                        = 1280         (0.01 %)
barrecv                        = 1280         (0.01 %)
Total Instr Executed   = 17426458    
--------------------------------
Utilization   = 53.60 %
--------------------------------
Runtime       = 254342 cycles
--------------------------------
