--------------------------------
DRAM Utilization
--------------------------------
Read        = 0.00 %
Write       = 0.00 %
Busy        = 0.00 %
Idle        = 100.00 %
--------------------------------
Utilization = 0.00 %
Non-Idle    = 0.00 %
--------------------------------

--------------------------------
Vcache Utilization
--------------------------------
Idle        = 85.69 % (857436.0)
Store       = 6.55 % (65536.0)
Load        = 6.55 % (65536.0)
Atomic      = 0.00 % (0.0)
Miss        = 0.82 % (8192.0)
Stall Rsp   = 0.40 % (3972.0)
--------------------------------
Miss Rate   = 1.56 %
--------------------------------
Utilization = 13.10 %
Busy cycles = 13.92 %
--------------------------------
1000672.0

--------------------------------
Core Utilization
--------------------------------
stall_depend_dram_load         = 213590       (5.36 %)
stall_depend_local_load        = 16128        (0.40 %)
stall_bypass                   = 64768        (1.63 %)
stall_fence                    = 17944        (0.45 %)
stall_remote_req               = 135978       (3.41 %)
stall_barrier                  = 72166        (1.81 %)
Total Stall                    = 520574       (13.07 %)
--------------------------------
bubble_branch_miss             = 78848        (1.98 %)
Total Bubble                   = 78848        (1.98 %)
--------------------------------
fadd                           = 229376       (6.72 %)
fsub                           = 229376       (6.72 %)
fmul                           = 274432       (8.04 %)
fsgnjn                         = 64768        (1.90 %)
fmv_w_x                        = 4096         (0.12 %)
fmadd                          = 131072       (3.84 %)
fmsub                          = 131072       (3.84 %)
local_ld                       = 31104        (0.91 %)
local_st                       = 1792         (0.05 %)
remote_st_global               = 128          (0.00 %)
local_flw                      = 699904       (20.51 %)
local_fsw                      = 613909       (17.99 %)
remote_flw_dram                = 64425        (1.89 %)
remote_fsw_dram                = 65536        (1.92 %)
bne                            = 53587        (1.57 %)
bge                            = 57344        (1.68 %)
bgeu                           = 28416        (0.83 %)
jal                            = 12544        (0.37 %)
jalr                           = 256          (0.01 %)
sll                            = 16128        (0.47 %)
slli                           = 85382        (2.50 %)
srai                           = 1536         (0.05 %)
add                            = 385945       (11.31 %)
addi                           = 191503       (5.61 %)
sub                            = 8192         (0.24 %)
lui                            = 669          (0.02 %)
or                             = 384          (0.01 %)
and                            = 384          (0.01 %)
fence                          = 256          (0.01 %)
barsend                        = 256          (0.01 %)
barrecv                        = 256          (0.01 %)
Total Instr Executed   = 3412444     
--------------------------------
Utilization   = 85.67 %
--------------------------------
Runtime       = 31271 cycles
--------------------------------
