--------------------------------
DRAM Utilization
--------------------------------
Read        = 0.15 %
Write       = 0.00 %
Busy        = 0.09 %
Idle        = 99.76 %
--------------------------------
Utilization = 0.15 %
Non-Idle    = 0.24 %
--------------------------------

--------------------------------
Vcache Utilization
--------------------------------
Idle        = 71.82 % (704657.0)
Store       = 13.36 % (131072.0)
Load        = 14.25 % (139776.0)
Atomic      = 0.00 % (0.0)
Miss        = 0.10 % (964.0)
Stall Rsp   = 0.48 % (4715.0)
--------------------------------
Miss Rate   = 0.00 %
--------------------------------
Utilization = 27.60 %
Busy cycles = 27.70 %
--------------------------------
981184.0

--------------------------------
Core Utilization
--------------------------------
stall_depend_dram_load         = 210501       (5.39 %)
stall_depend_local_load        = 1042         (0.03 %)
stall_depend_imul              = 10           (0.00 %)
stall_bypass                   = 348170       (8.91 %)
stall_fence                    = 13425        (0.34 %)
stall_remote_req               = 267002       (6.83 %)
stall_barrier                  = 401595       (10.27 %)
stall_remote_ld_wb             = 17           (0.00 %)
stall_remote_flw_wb            = 165574       (4.24 %)
Total Stall                    = 1407336      (36.01 %)
--------------------------------
bubble_branch_miss             = 24188        (0.62 %)
Total Bubble                   = 24188        (0.62 %)
--------------------------------
fadd                           = 688128       (27.43 %)
fmul                           = 131072       (5.22 %)
fsgnj                          = 30720        (1.22 %)
fcvt_s_w                       = 500          (0.02 %)
fmv_w_x                        = 10747        (0.43 %)
fmsub                          = 131072       (5.22 %)
local_ld                       = 8653         (0.34 %)
local_st                       = 6347         (0.25 %)
remote_st_global               = 136          (0.01 %)
local_flw                      = 165376       (6.59 %)
local_fsw                      = 132979       (5.30 %)
remote_flw_dram                = 139264       (5.55 %)
remote_flw_group               = 475136       (18.94 %)
remote_fsw_dram                = 131072       (5.22 %)
beq                            = 132355       (5.28 %)
bne                            = 42254        (1.68 %)
blt                            = 1008         (0.04 %)
bge                            = 661          (0.03 %)
jal                            = 10622        (0.42 %)
jalr                           = 256          (0.01 %)
slli                           = 1852         (0.07 %)
add                            = 4562         (0.18 %)
addi                           = 221792       (8.84 %)
sub                            = 154          (0.01 %)
lui                            = 1295         (0.05 %)
or                             = 2898         (0.12 %)
and                            = 384          (0.02 %)
andi                           = 6            (0.00 %)
mul                            = 373          (0.01 %)
fence                          = 1668         (0.07 %)
barsend                        = 1024         (0.04 %)
barrecv                        = 1024         (0.04 %)
Total Instr Executed   = 2508670     
--------------------------------
Utilization   = 64.19 %
--------------------------------
Runtime       = 30662 cycles
--------------------------------
