--------------------------------
DRAM Utilization
--------------------------------
Read        = 59.83 %
Write       = 2.91 %
Busy        = 5.49 %
Idle        = 31.76 %
--------------------------------
Utilization = 62.74 %
Non-Idle    = 68.24 %
--------------------------------

--------------------------------
Vcache Utilization
--------------------------------
Idle        = 47.42 % (2835758.0)
Store       = 4.38 % (262144.0)
Load        = 4.82 % (288256.0)
Atomic      = 0.00 % (0.0)
Miss        = 43.29 % (2588851.0)
Stall Rsp   = 0.08 % (5023.0)
--------------------------------
Miss Rate   = 6.12 %
--------------------------------
Utilization = 9.20 %
Busy cycles = 52.50 %
--------------------------------
5980032.0

--------------------------------
Core Utilization
--------------------------------
stall_depend_dram_load         = 5148652      (21.54 %)
stall_depend_local_load        = 2106         (0.01 %)
stall_depend_imul              = 42           (0.00 %)
stall_bypass                   = 692267       (2.90 %)
stall_fence                    = 68696        (0.29 %)
stall_remote_req               = 8899536      (37.23 %)
stall_barrier                  = 3747574      (15.68 %)
stall_remote_flw_wb            = 335559       (1.40 %)
Total Stall                    = 18894432     (79.04 %)
--------------------------------
bubble_branch_miss             = 44461        (0.19 %)
Total Bubble                   = 44461        (0.19 %)
--------------------------------
fadd                           = 1376256      (27.42 %)
fmul                           = 262144       (5.22 %)
fsgnj                          = 55296        (1.10 %)
fcvt_s_w                       = 1012         (0.02 %)
fmv_w_x                        = 19451        (0.39 %)
fmsub                          = 262144       (5.22 %)
local_ld                       = 17760        (0.35 %)
local_st                       = 13768        (0.27 %)
remote_st_global               = 144          (0.00 %)
local_flw                      = 330752       (6.59 %)
local_fsw                      = 266101       (5.30 %)
remote_flw_dram                = 286720       (5.71 %)
remote_flw_group               = 950272       (18.93 %)
remote_fsw_dram                = 262144       (5.22 %)
beq                            = 264807       (5.27 %)
bne                            = 85251        (1.70 %)
blt                            = 2000         (0.04 %)
bge                            = 1460         (0.03 %)
jal                            = 19345        (0.39 %)
jalr                           = 512          (0.01 %)
slli                           = 3839         (0.08 %)
add                            = 9232         (0.18 %)
addi                           = 445298       (8.87 %)
sub                            = 411          (0.01 %)
lui                            = 2064         (0.04 %)
or                             = 6194         (0.12 %)
and                            = 384          (0.01 %)
andi                           = 5            (0.00 %)
mul                            = 918          (0.02 %)
fence                          = 3208         (0.06 %)
barsend                        = 2048         (0.04 %)
barrecv                        = 2048         (0.04 %)
Total Instr Executed   = 5020060     
--------------------------------
Utilization   = 21.00 %
--------------------------------
Runtime       = 186876 cycles
--------------------------------
