--------------------------------
DRAM Utilization
--------------------------------
Read        = 72.81 %
Write       = 0.00 %
Busy        = 5.33 %
Idle        = 21.85 %
--------------------------------
Utilization = 72.81 %
Non-Idle    = 78.15 %
--------------------------------

--------------------------------
Vcache Utilization
--------------------------------
Idle        = 34.90 % (27751.0)
Store       = 5.15 % (4096.0)
Load        = 5.15 % (4096.0)
Atomic      = 0.00 % (0.0)
Miss        = 54.67 % (43471.0)
Stall Rsp   = 0.13 % (106.0)
--------------------------------
Miss Rate   = 6.25 %
--------------------------------
Utilization = 10.30 %
Busy cycles = 64.97 %
--------------------------------
79520.0

--------------------------------
Core Utilization
--------------------------------
stall_fence                    = 161881       (64.07 %)
stall_remote_req               = 78035        (30.88 %)
Total Stall                    = 239916       (94.95 %)
--------------------------------
bubble_branch_miss             = 256          (0.10 %)
Total Bubble                   = 256          (0.10 %)
--------------------------------
local_ld                       = 640          (5.12 %)
remote_ld_dram                 = 3981         (31.84 %)
remote_st_dram                 = 4096         (32.76 %)
remote_st_global               = 128          (1.02 %)
bne                            = 256          (2.05 %)
slli                           = 396          (3.17 %)
add                            = 808          (6.46 %)
addi                           = 128          (1.02 %)
lui                            = 656          (5.25 %)
xori                           = 1            (0.01 %)
or                             = 384          (3.07 %)
and                            = 384          (3.07 %)
andi                           = 4            (0.03 %)
fence                          = 640          (5.12 %)
Total Instr Executed   = 12502       
--------------------------------
Utilization   = 4.95 %
--------------------------------
Runtime       = 2485 cycles
--------------------------------
