--------------------------------
DRAM Utilization
--------------------------------
Read        = 1.13 %
Write       = 0.00 %
Busy        = 1.13 %
Idle        = 97.73 %
--------------------------------
Utilization = 1.13 %
Non-Idle    = 2.27 %
--------------------------------

--------------------------------
Vcache Utilization
--------------------------------
Idle        = 98.75 % (16748.0)
Store       = 0.00 % (0.0)
Load        = 0.00 % (0.0)
Atomic      = 0.75 % (128.0)
Miss        = 0.50 % (84.0)
Stall Rsp   = 0.00 % (0.0)
--------------------------------
Miss Rate   = 0.78 %
--------------------------------
Utilization = 0.00 %
Busy cycles = 0.50 %
--------------------------------
16960.0

--------------------------------
Core Utilization
--------------------------------
stall_depend_dram_amo          = 14289        (31.61 %)
stall_fence                    = 8896         (19.68 %)
stall_barrier                  = 18442        (40.79 %)
Total Stall                    = 41627        (92.07 %)
--------------------------------
bubble_branch_miss             = 256          (0.57 %)
Total Bubble                   = 256          (0.57 %)
--------------------------------
local_ld                       = 640          (19.23 %)
remote_st_global               = 128          (3.85 %)
bge                            = 128          (3.85 %)
slli                           = 384          (11.54 %)
add                            = 256          (7.69 %)
addi                           = 128          (3.85 %)
lui                            = 640          (19.23 %)
or                             = 384          (11.54 %)
and                            = 384          (11.54 %)
barsend                        = 128          (3.85 %)
barrecv                        = 128          (3.85 %)
Total Instr Executed   = 3328        
--------------------------------
Utilization   = 7.36 %
--------------------------------
Runtime       = 530 cycles
--------------------------------
