--------------------------------
DRAM Utilization
--------------------------------
Read        = 21.22 %
Write       = 0.00 %
Busy        = 3.14 %
Idle        = 75.65 %
--------------------------------
Utilization = 21.22 %
Non-Idle    = 24.35 %
--------------------------------

--------------------------------
Vcache Utilization
--------------------------------
Idle        = 86.84 % (447390.0)
Store       = 0.05 % (270.0)
Load        = 0.80 % (4147.0)
Atomic      = 0.05 % (263.0)
Miss        = 12.25 % (63124.0)
Stall Rsp   = 0.00 % (6.0)
--------------------------------
Miss Rate   = 11.67 %
--------------------------------
Utilization = 0.86 %
Busy cycles = 13.11 %
--------------------------------
515200.0

--------------------------------
Core Utilization
--------------------------------
stall_depend_dram_load         = 75852        (3.72 %)
stall_depend_dram_amo          = 59531        (2.92 %)
stall_depend_local_load        = 135          (0.01 %)
stall_bypass                   = 2418         (0.12 %)
stall_fence                    = 8896         (0.44 %)
stall_remote_req               = 2694         (0.13 %)
stall_barrier                  = 1816287      (88.99 %)
stall_remote_ld_wb             = 271          (0.01 %)
Total Stall                    = 1966084      (96.33 %)
--------------------------------
bubble_branch_miss             = 1606         (0.08 %)
Total Bubble                   = 1606         (0.08 %)
--------------------------------
fadd                           = 2388         (13.09 %)
fmul                           = 135          (0.74 %)
fmv_w_x                        = 135          (0.74 %)
fmadd                          = 135          (0.74 %)
local_ld                       = 640          (3.51 %)
remote_ld_dram                 = 2133         (11.70 %)
remote_st_global               = 128          (0.70 %)
local_flw                      = 270          (1.48 %)
remote_flw_dram                = 1765         (9.68 %)
remote_fsw_dram                = 270          (1.48 %)
amoadd                         = 135          (0.74 %)
bne                            = 226          (1.24 %)
blt                            = 177          (0.97 %)
bge                            = 799          (4.38 %)
jal                            = 105          (0.58 %)
slli                           = 2510         (13.76 %)
add                            = 2873         (15.75 %)
addi                           = 1082         (5.93 %)
sub                            = 60           (0.33 %)
lui                            = 640          (3.51 %)
or                             = 384          (2.11 %)
and                            = 384          (2.11 %)
andi                           = 90           (0.49 %)
barsend                        = 128          (0.70 %)
barrecv                        = 128          (0.70 %)
Total Instr Executed   = 18237       
--------------------------------
Utilization   = 0.89 %
--------------------------------
Runtime       = 16100 cycles
--------------------------------
