--------------------------------
DRAM Utilization
--------------------------------
Read        = 1.13 %
Write       = 0.00 %
Busy        = 1.13 %
Idle        = 97.75 %
--------------------------------
Utilization = 1.13 %
Non-Idle    = 2.25 %
--------------------------------

--------------------------------
Vcache Utilization
--------------------------------
Idle        = 98.72 % (16870.0)
Store       = 0.00 % (0.0)
Load        = 0.00 % (0.0)
Atomic      = 0.75 % (128.0)
Miss        = 0.53 % (90.0)
Stall Rsp   = 0.00 % (0.0)
--------------------------------
Miss Rate   = 0.78 %
--------------------------------
Utilization = 0.00 %
Busy cycles = 0.53 %
--------------------------------
17088.0

--------------------------------
Core Utilization
--------------------------------
stall_depend_dram_amo          = 21068        (40.44 %)
stall_fence                    = 8896         (17.08 %)
stall_barrier                  = 18565        (35.64 %)
Total Stall                    = 48529        (93.15 %)
--------------------------------
bubble_branch_miss             = 248          (0.48 %)
Total Bubble                   = 248          (0.48 %)
--------------------------------
local_ld                       = 640          (19.28 %)
remote_st_global               = 128          (3.86 %)
bge                            = 123          (3.71 %)
slli                           = 384          (11.57 %)
add                            = 256          (7.71 %)
addi                           = 128          (3.86 %)
lui                            = 640          (19.28 %)
or                             = 384          (11.57 %)
and                            = 384          (11.57 %)
barsend                        = 124          (3.74 %)
barrecv                        = 128          (3.86 %)
Total Instr Executed   = 3319        
--------------------------------
Utilization   = 6.37 %
--------------------------------
Runtime       = 534 cycles
--------------------------------
