--------------------------------
DRAM Utilization
--------------------------------
Read        = 1.14 %
Write       = 0.00 %
Busy        = 1.14 %
Idle        = 97.73 %
--------------------------------
Utilization = 1.14 %
Non-Idle    = 2.27 %
--------------------------------

--------------------------------
Vcache Utilization
--------------------------------
Idle        = 98.75 % (16716.0)
Store       = 0.00 % (0.0)
Load        = 0.00 % (0.0)
Atomic      = 0.76 % (128.0)
Miss        = 0.50 % (84.0)
Stall Rsp   = 0.00 % (0.0)
--------------------------------
Miss Rate   = 0.78 %
--------------------------------
Utilization = 0.00 %
Busy cycles = 0.50 %
--------------------------------
16928.0

--------------------------------
Core Utilization
--------------------------------
stall_depend_dram_amo          = 20468        (39.78 %)
stall_fence                    = 8896         (17.29 %)
stall_barrier                  = 18508        (35.97 %)
Total Stall                    = 47872        (93.03 %)
--------------------------------
bubble_branch_miss             = 256          (0.50 %)
Total Bubble                   = 256          (0.50 %)
--------------------------------
local_ld                       = 640          (19.23 %)
remote_st_global               = 128          (3.85 %)
bge                            = 128          (3.85 %)
slli                           = 384          (11.54 %)
add                            = 256          (7.69 %)
addi                           = 128          (3.85 %)
lui                            = 640          (19.23 %)
or                             = 384          (11.54 %)
and                            = 384          (11.54 %)
barsend                        = 128          (3.85 %)
barrecv                        = 128          (3.85 %)
Total Instr Executed   = 3328        
--------------------------------
Utilization   = 6.47 %
--------------------------------
Runtime       = 529 cycles
--------------------------------
