--------------------------------
DRAM Utilization
--------------------------------
Read        = 1.13 %
Write       = 0.00 %
Busy        = 1.13 %
Idle        = 97.74 %
--------------------------------
Utilization = 1.13 %
Non-Idle    = 2.26 %
--------------------------------

--------------------------------
Vcache Utilization
--------------------------------
Idle        = 98.74 % (16810.0)
Store       = 0.00 % (0.0)
Load        = 0.00 % (0.0)
Atomic      = 0.75 % (128.0)
Miss        = 0.51 % (86.0)
Stall Rsp   = 0.00 % (0.0)
--------------------------------
Miss Rate   = 0.78 %
--------------------------------
Utilization = 0.00 %
Busy cycles = 0.51 %
--------------------------------
17024.0

--------------------------------
Core Utilization
--------------------------------
stall_depend_dram_amo          = 20820        (40.16 %)
stall_fence                    = 8896         (17.16 %)
stall_barrier                  = 18540        (35.76 %)
Total Stall                    = 48256        (93.09 %)
--------------------------------
bubble_branch_miss             = 256          (0.49 %)
Total Bubble                   = 256          (0.49 %)
--------------------------------
local_ld                       = 640          (19.23 %)
remote_st_global               = 128          (3.85 %)
bge                            = 128          (3.85 %)
slli                           = 384          (11.54 %)
add                            = 256          (7.69 %)
addi                           = 128          (3.85 %)
lui                            = 640          (19.23 %)
or                             = 384          (11.54 %)
and                            = 384          (11.54 %)
barsend                        = 128          (3.85 %)
barrecv                        = 128          (3.85 %)
Total Instr Executed   = 3328        
--------------------------------
Utilization   = 6.42 %
--------------------------------
Runtime       = 532 cycles
--------------------------------
