--------------------------------
DRAM Utilization
--------------------------------
Read        = 0.00 %
Write       = 0.00 %
Busy        = 0.00 %
Idle        = 100.00 %
--------------------------------
Utilization = 0.00 %
Non-Idle    = 0.00 %
--------------------------------

--------------------------------
Vcache Utilization
--------------------------------
Idle        = 99.99 % (5062880.0)
Store       = 0.01 % (512.0)
Load        = 0.00 % (0.0)
Atomic      = 0.00 % (0.0)
Miss        = 0.00 % (0.0)
Stall Rsp   = 0.00 % (0.0)
--------------------------------
Miss Rate   = 0.00 %
--------------------------------
Utilization = 0.01 %
Busy cycles = 0.01 %
--------------------------------
5063392.0

--------------------------------
Core Utilization
--------------------------------
stall_fence                    = 3703         (0.02 %)
Total Stall                    = 3703         (0.02 %)
--------------------------------
bubble_branch_miss             = 3352136      (16.61 %)
Total Bubble                   = 3352136      (16.61 %)
--------------------------------
local_ld                       = 2969344      (17.65 %)
local_st                       = 2030240      (12.07 %)
remote_st_dram                 = 512          (0.00 %)
remote_st_global               = 128          (0.00 %)
beq                            = 492032       (2.92 %)
bne                            = 524030       (3.11 %)
bge                            = 2460160      (14.62 %)
slli                           = 1408         (0.01 %)
srai                           = 492032       (2.92 %)
add                            = 493312       (2.93 %)
addi                           = 6375294      (37.89 %)
lui                            = 640          (0.00 %)
xori                           = 492032       (2.92 %)
or                             = 384          (0.00 %)
and                            = 492416       (2.93 %)
fence                          = 128          (0.00 %)
Total Instr Executed   = 16824092    
--------------------------------
Utilization   = 83.37 %
--------------------------------
Runtime       = 158231 cycles
--------------------------------
