--------------------------------
DRAM Utilization
--------------------------------
Read        = 71.54 %
Write       = 0.00 %
Busy        = 10.41 %
Idle        = 18.05 %
--------------------------------
Utilization = 71.54 %
Non-Idle    = 81.95 %
--------------------------------

--------------------------------
Vcache Utilization
--------------------------------
Idle        = 45.39 % (1076732.0)
Store       = 2.76 % (65536.0)
Load        = 5.53 % (131072.0)
Atomic      = 0.00 % (0.0)
Miss        = 46.28 % (1097690.0)
Stall Rsp   = 0.04 % (970.0)
--------------------------------
Miss Rate   = 6.25 %
--------------------------------
Utilization = 8.29 %
Busy cycles = 54.57 %
--------------------------------
2372000.0

--------------------------------
Core Utilization
--------------------------------
stall_bypass                   = 8190         (0.10 %)
stall_fence                    = 25242        (0.30 %)
stall_remote_req               = 4774700      (57.63 %)
stall_remote_credit            = 7            (0.00 %)
Total Stall                    = 4808139      (58.04 %)
--------------------------------
bubble_branch_miss             = 768          (0.01 %)
Total Bubble                   = 768          (0.01 %)
--------------------------------
fadd                           = 73659        (22.80 %)
local_ld                       = 640          (0.20 %)
remote_st_global               = 128          (0.04 %)
remote_flw_dram                = 122136       (37.80 %)
remote_fsw_dram                = 65493        (20.27 %)
blt                            = 8316         (2.57 %)
bge                            = 172          (0.05 %)
jal                            = 128          (0.04 %)
slli                           = 391          (0.12 %)
srai                           = 1            (0.00 %)
add                            = 339          (0.10 %)
addi                           = 41830        (12.95 %)
lui                            = 640          (0.20 %)
or                             = 384          (0.12 %)
and                            = 384          (0.12 %)
andi                           = 128          (0.04 %)
mul                            = 2            (0.00 %)
fence                          = 128          (0.04 %)
Total Instr Executed   = 323083      
--------------------------------
Utilization   = 3.90 %
--------------------------------
Runtime       = 74125 cycles
--------------------------------
