--------------------------------
DRAM Utilization
--------------------------------
Read        = 0.00 %
Write       = 0.00 %
Busy        = 0.00 %
Idle        = 100.00 %
--------------------------------
Utilization = 0.00 %
Non-Idle    = 0.00 %
--------------------------------

--------------------------------
Vcache Utilization
--------------------------------
Idle        = 31.49 % (94405.0)
Store       = 21.86 % (65536.0)
Load        = 43.71 % (131072.0)
Atomic      = 0.00 % (0.0)
Miss        = 0.00 % (0.0)
Stall Rsp   = 2.94 % (8827.0)
--------------------------------
Miss Rate   = 0.00 %
--------------------------------
Utilization = 65.57 %
Busy cycles = 65.57 %
--------------------------------
299840.0

--------------------------------
Core Utilization
--------------------------------
stall_bypass                   = 8161         (0.79 %)
stall_fence                    = 3514         (0.34 %)
stall_remote_req               = 333405       (32.17 %)
Total Stall                    = 345080       (33.30 %)
--------------------------------
bubble_branch_miss             = 768          (0.07 %)
Total Bubble                   = 768          (0.07 %)
--------------------------------
fadd                           = 73310        (22.83 %)
local_ld                       = 640          (0.20 %)
remote_st_global               = 128          (0.04 %)
remote_flw_dram                = 121254       (37.76 %)
remote_fsw_dram                = 65268        (20.32 %)
blt                            = 8293         (2.58 %)
bge                            = 135          (0.04 %)
jal                            = 128          (0.04 %)
slli                           = 389          (0.12 %)
srai                           = 2            (0.00 %)
add                            = 273          (0.09 %)
addi                           = 41503        (12.92 %)
lui                            = 640          (0.20 %)
or                             = 384          (0.12 %)
and                            = 384          (0.12 %)
andi                           = 128          (0.04 %)
mul                            = 2            (0.00 %)
fence                          = 128          (0.04 %)
Total Instr Executed   = 321127      
--------------------------------
Utilization   = 30.99 %
--------------------------------
Runtime       = 9370 cycles
--------------------------------
